

<!DOCTYPE html>
<html>
<head>
	<meta charset='utf-8' /> 
	<meta name='description' content='' />
	<meta name='robots' content='noodp, noydir' />
	<meta name='viewport' content='width=device-width, initial-scale=1' />
	<meta id="timeStampFormat" name="timeStampFormat" content='MMM d, yyyy hh:mm:ss a'/>
	
	<link href='https://fonts.googleapis.com/css?family=Source+Sans+Pro:400,600' rel='stylesheet' type='text/css' />
	<link href="https://fonts.googleapis.com/icon?family=Material+Icons" rel="stylesheet" />
	<link href='https://cdn.rawgit.com/extent-framework/extent-github-cdn/b65cd69/v3html/css/extent.css' type='text/css' rel='stylesheet' />
	
	<title>Promo Loyalty Test Report</title>

	<style type='text/css'>
		/* json-tree */
		.jstBracket,.jstComma,.jstValue{white-space:pre-wrap}.jstValue{font-size:10px;font-weight:400;font-family:"Lucida Console",Monaco,monospace}.jstProperty{color:#666;word-wrap:break-word}.jstBool{color:#2525CC}.jstNum{color:#D036D0}.jstNull{color:gray}.jstStr{color:#2DB669}.jstFold:after{content:' -';cursor:pointer}.jstExpand{white-space:normal}.jstExpand:after{content:' +';cursor:pointer}.jstFolded{white-space:normal!important}.jstHiddenBlock{display:none}
	</style>
	
	<script type="text/javascript">
		/*! json-tree - v0.2.2 - 2017-09-25, MIT LICENSE */
		var JSONTree=function(){var n={"&":"&amp;","<":"&lt;",">":"&gt;",'"':"&quot;","'":"&#x27;","/":"&#x2F;"},t=0,r=0;this.create=function(n,t){return r+=1,N(u(n,0,!1),{class:"jstValue"})};var e=function(t){return t.replace(/[&<>'"]/g,function(t){return n[t]})},s=function(){return r+"_"+t++},u=function(n,t,r){if(null===n)return f(r?t:0);switch(typeof n){case"boolean":return l(n,r?t:0);case"number":return i(n,r?t:0);case"string":return o(n,r?t:0);default:return n instanceof Array?a(n,t,r):c(n,t,r)}},c=function(n,t,r){var e=s(),u=Object.keys(n).map(function(r){return j(r,n[r],t+1,!0)}).join(m()),c=[g("{",r?t:0,e),N(u,{id:e}),p("}",t)].join("\n");return N(c,{})},a=function(n,t,r){var e=s(),c=n.map(function(n){return u(n,t+1,!0)}).join(m());return[g("[",r?t:0,e),N(c,{id:e}),p("]",t)].join("\n")},o=function(n,t){var r=e(JSON.stringify(n));return N(v(r,t),{class:"jstStr"})},i=function(n,t){return N(v(n,t),{class:"jstNum"})},l=function(n,t){return N(v(n,t),{class:"jstBool"})},f=function(n){return N(v("null",n),{class:"jstNull"})},j=function(n,t,r){var s=v(e(JSON.stringify(n))+": ",r),c=N(u(t,r,!1),{});return N(s+c,{class:"jstProperty"})},m=function(){return N(",\n",{class:"jstComma"})},N=function(n,t){return d("span",t,n)},d=function(n,t,r){return"<"+n+Object.keys(t).map(function(n){return" "+n+'="'+t[n]+'"'}).join("")+">"+r+"</"+n+">"},g=function(n,t,r){return N(v(n,t),{class:"jstBracket"})+N("",{class:"jstFold",onclick:"JSONTree.toggle('"+r+"')"})};this.toggle=function(n){var t=document.getElementById(n),r=t.parentNode,e=t.previousElementSibling;""===t.className?(t.className="jstHiddenBlock",r.className="jstFolded",e.className="jstExpand"):(t.className="",r.className="",e.className="jstFold")};var p=function(n,t){return N(v(n,t),{})},v=function(n,t){return Array(2*t+1).join(" ")+n};return this}();
	</script>
</head>
	<body class='extent dark default hide-overflow '>
		<div id='theme-selector' alt='Click to toggle theme. To enable by default, use theme configuration.' title='Click to toggle theme. To enable by default, use theme configuration.'>
			<span><i class='material-icons'>desktop_windows</i></span>
		</div>
<nav>
	<div class="nav-wrapper">
		<a href="#!" class="brand-logo black"><img src="https://cdn.rawgit.com/extent-framework/extent-github-cdn/d74480e/commons/img/logo.png"></a>
		<!-- slideout menu -->
		<ul id='slide-out' class='side-nav fixed hide-on-med-and-down'>
			<li class='waves-effect active'><a href='#!' view='test-view' onclick="configureView(0);chartsView('test');"><i class='material-icons'>dashboard</i></a></li>
						<li class='waves-effect'><a href='#!' onclick="configureView(-1);chartsView('dashboard');" view='dashboard-view'><i class='material-icons'>track_changes</i></a></li>
		</ul>
		<!-- report name -->
		<span class='report-name'>Promo Loyalty Test Report</span>
		<!-- report headline -->
		<span class='report-headline'></span>
		<!-- nav-right -->
		<ul id='nav-mobile' class='right hide-on-med-and-down nav-right'>
			<a href='#!'>
			<span class='label blue darken-3 suite-start-time'>Jun 2, 2022 03:51:53 PM</span>
			</a>
		</ul>
	</div>
</nav>		<!-- container -->
		<div class='container'>
<div id='test-view' class='view'>
	<section id='controls'>
		<div class='controls grey lighten-4'>
			<!-- test toggle -->
			<div class='chip transparent'>
				<a class='dropdown-button tests-toggle' data-activates='tests-toggle' data-constrainwidth='true' data-beloworigin='true' data-hover='true' href='#'>
				<i class='material-icons'>warning</i> Status
				</a>
				<ul id='tests-toggle' class='dropdown-content'>
										<li status='fail'><a href='#!'>Fail <i class='material-icons red-text'>cancel</i></a></li>
					<li class='divider'></li>
					<li status='clear' clear='true'><a href='#!'>Clear Filters <i class='material-icons'>clear</i></a></li>
				</ul>
			</div>
			<!-- test toggle -->
			<!-- category toggle -->
			<!-- category toggle -->
			<!-- clear filters -->
			<div class='chip transparent hide'>
				<a class='' id='clear-filters' alt='Clear Filters' title='Clear Filters'>
				<i class='material-icons'>close</i> Clear
				</a>
			</div>
			<!-- clear filters -->
			<!-- enable dashboard -->
			<div id='toggle-test-view-charts' class='chip transparent'>
				<a class='pink-text' id='enable-dashboard' alt='Enable Dashboard' title='Enable Dashboard'>
				<i class='material-icons'>track_changes</i> Dashboard
				</a>
			</div>
			<!-- enable dashboard -->
			<!-- search -->
			<div class='chip transparent' alt='Search Tests' title='Search Tests'>
				<a href="#" class='search-div'>
				<i class='material-icons'>search</i> Search
				</a>
				<div class='input-field left hide'>
					<input id='search-tests' type='text' class='validate browser-default' placeholder='Search Tests...'>
				</div>
			</div>
			<!-- search -->
		</div>
	</section>
<div id='test-view-charts' class='subview-full'>
    <div id='charts-row' class='row nm-v nm-h'>
        <div class='col s12 m12 l12 np-h'>
            <div class='card-panel nm-v'>
                <div class='left panel-name'>Tests</div>
                <div class='chart-box' style="max-height:94px;">
                    <canvas id='parent-analysis' width='90' height='70'></canvas>
                </div>
                <div class='block text-small'>
                    <span class='tooltipped' data-position='top' data-tooltip='0%'><span class='strong'>0</span> test(s) passed</span>
                </div>
                <div class='block text-small'>
                    <span class='strong tooltipped' data-position='top' data-tooltip='100%'>6</span> test(s) failed, <span class='strong tooltipped' data-position='top' data-tooltip='0%'>0</span> others
                </div>
            </div>
        </div>
    </div>
    <div id="timeline-chart" class="row nm-v nm-h">
        <div class="col s12 m12 l12 np-h">
            <div class="card-panel">
                <div class='left panel-name'>Timeline (seconds)</div>
                <div class="chart-box" style="width:98%;max-height:145px;">
                    <canvas id="timeline" height="120"></canvas>
                </div>
            </div>
        </div>
    </div>
</div>	<div class='subview-left left'>
		<div class='view-summary'>
			<ul id='test-collection' class='test-collection'>
				<li class='test displayed active  fail' status='fail' bdd='false' test-id='1'>
					<div class='test-heading'>
						<span class='test-name'>TC-08 --- Verify list users by email</span>
						<span class='test-time'>Jun 2, 2022 03:52:06 PM</span>
						<span class='test-status right fail'>fail</span>
					</div>
					<div class='test-content hide'>
<div class='test-time-info'>
	<span class='label start-time'>Jun 2, 2022 03:52:06 PM</span>
	<span class='label end-time'>Jun 2, 2022 03:52:31 PM</span>
	<span class='label time-taken grey lighten-1 white-text'>0h 0m 25s+582ms</span>
</div>
<div class='test-steps'>
	<table class='bordered table-results'>
		<thead>
			<tr>
				<th>Status</th>
				<th>Timestamp</th>
				<th>Details</th>
			</tr>
		</thead>
		<tbody>
			<tr class='log' status='info'>
				<td class='status info' title='info' alt='info'><i class='material-icons'>info_outline</i></td>
				<td class='timestamp'>3:52:06 PM</td>
				<td class='step-details'>
						TC-08 --- Verify list users by email Test is CREATED
					
				</td>
			</tr>
			<tr class='log' status='info'>
				<td class='status info' title='info' alt='info'><i class='material-icons'>info_outline</i></td>
				<td class='timestamp'>3:52:06 PM</td>
				<td class='step-details'>
						***********      Openning DB connection to USERS       **************
					
				</td>
			</tr>
			<tr class='log' status='info'>
				<td class='status info' title='info' alt='info'><i class='material-icons'>info_outline</i></td>
				<td class='timestamp'>3:52:07 PM</td>
				<td class='step-details'>
						**********      DB Connection created successfully to USERS       ***********
					
				</td>
			</tr>
			<tr class='log' status='info'>
				<td class='status info' title='info' alt='info'><i class='material-icons'>info_outline</i></td>
				<td class='timestamp'>3:52:07 PM</td>
				<td class='step-details'>
						*********      Executing DB Query     ************
					
				</td>
			</tr>
			<tr class='log' status='info'>
				<td class='status info' title='info' alt='info'><i class='material-icons'>info_outline</i></td>
				<td class='timestamp'>3:52:07 PM</td>
				<td class='step-details'>
						select be.id ,u.email as EMAIL , u.mobile_number  as PHONE,r.name_en as ROLE_NAME, b.name_en as BRANCH , u.status as STATUS , u.must_change_password as MUST_CHANGE_PASSWORD , u.password_never_expire as PASSWORD_NEVER_EXPIRE  from auth_user u  left join BUSINESS_ENTITY.branch b on b.code = u.branch_code  left join user_role ur on ur.user_id = u.id  left join role r on r.id = ur.role_id  left join business_entity be on be.id  = u.business_entity_id  where be.email = 'UserManagment@automation.com'  and u.status <> 'DELETED'  and r.name_en <> 'Super admin'
					
				</td>
			</tr>
			<tr class='log' status='info'>
				<td class='status info' title='info' alt='info'><i class='material-icons'>info_outline</i></td>
				<td class='timestamp'>3:52:07 PM</td>
				<td class='step-details'>
						************     DB Query executed successfully     ***************
					
				</td>
			</tr>
			<tr class='log' status='info'>
				<td class='status info' title='info' alt='info'><i class='material-icons'>info_outline</i></td>
				<td class='timestamp'>3:52:07 PM</td>
				<td class='step-details'>
						******     Closing DB Connection      *******
					
				</td>
			</tr>
			<tr class='log' status='info'>
				<td class='status info' title='info' alt='info'><i class='material-icons'>info_outline</i></td>
				<td class='timestamp'>3:52:07 PM</td>
				<td class='step-details'>
						******      DB Connection closed successfully     *******
					
				</td>
			</tr>
			<tr class='log' status='error'>
				<td class='status error' title='error' alt='error'><i class='material-icons'>error</i></td>
				<td class='timestamp'>3:52:07 PM</td>
				<td class='step-details'>
						Error occurred in com.fawry.userManagment.angularAutomation.pages.ViewUserPage$1.searchUser
					
				</td>
			</tr>
			<tr class='log' status='error'>
				<td class='status error' title='error' alt='error'><i class='material-icons'>error</i></td>
				<td class='timestamp'>3:52:07 PM</td>
				<td class='step-details'>
						Index: 1, Size: 1
					
				</td>
			</tr>
			<tr class='log' status='info'>
				<td class='status info' title='info' alt='info'><i class='material-icons'>info_outline</i></td>
				<td class='timestamp'>3:52:07 PM</td>
				<td class='step-details'>
						logging Testcase FAILED listUser in Extent Report
					
				</td>
			</tr>
			<tr class='log' status='fail'>
				<td class='status fail' title='fail' alt='fail'><i class='material-icons'>cancel</i></td>
				<td class='timestamp'>3:52:07 PM</td>
				<td class='step-details'>
						listUser HAS FAILED
					
				</td>
			</tr>
			<tr class='log' status='fail'>
				<td class='status fail' title='fail' alt='fail'><i class='material-icons'>cancel</i></td>
				<td class='timestamp'>3:52:07 PM</td>
				<td class='step-details'>
						EXCEPTION Thrown is java.lang.AssertionError: Test Failed due to an exception occurred in POM's method While search user and store result in ArrayList. expected [Success] but found [Failed]
					
				</td>
			</tr>
			<tr class='log' status='info'>
				<td class='status info' title='info' alt='info'><i class='material-icons'>info_outline</i></td>
				<td class='timestamp'>3:52:07 PM</td>
				<td class='step-details'>
						Initializing remote connection to server of log file...
					
				</td>
			</tr>
			<tr class='log' status='info'>
				<td class='status info' title='info' alt='info'><i class='material-icons'>info_outline</i></td>
				<td class='timestamp'>3:52:19 PM</td>
				<td class='step-details'>
						Log file path on server: /var/lib/docker/containers/e792697d65f5bce99453e8646fe9cbc453496e26587f7283a605c04848aaabda/e792697d65f5bce99453e8646fe9cbc453496e26587f7283a605c04848aaabda-json.log
					
				</td>
			</tr>
			<tr class='log' status='info'>
				<td class='status info' title='info' alt='info'><i class='material-icons'>info_outline</i></td>
				<td class='timestamp'>3:52:29 PM</td>
				<td class='step-details'>
						Connection to SFTP server is successfully
					
				</td>
			</tr>
			<tr class='log' status='info'>
				<td class='status info' title='info' alt='info'><i class='material-icons'>info_outline</i></td>
				<td class='timestamp'>3:52:30 PM</td>
				<td class='step-details'>
						Remote log file size 134491113
					
				</td>
			</tr>
			<tr class='log' status='info'>
				<td class='status info' title='info' alt='info'><i class='material-icons'>info_outline</i></td>
				<td class='timestamp'>3:52:30 PM</td>
				<td class='step-details'>
						File transfer begin..
					
				</td>
			</tr>
			<tr class='log' status='info'>
				<td class='status info' title='info' alt='info'><i class='material-icons'>info_outline</i></td>
				<td class='timestamp'>3:52:30 PM</td>
				<td class='step-details'>
						Download of file /var/lib/docker/containers/e792697d65f5bce99453e8646fe9cbc453496e26587f7283a605c04848aaabda/e792697d65f5bce99453e8646fe9cbc453496e26587f7283a605c04848aaabda-json.log succeeded.
					
				</td>
			</tr>
			<tr class='log' status='fail'>
				<td class='status fail' title='fail' alt='fail'><i class='material-icons'>cancel</i></td>
				<td class='timestamp'>3:52:31 PM</td>
				<td class='step-details'>
						Application's log file <a href='D:\Automation Projects\UserManagementTestAutomation/test-output/ExtentReport/FailedTestsLogs/listUser20220602035219.log'>log</a>
					
				</td>
			</tr>
			<tr class='log' status='info'>
				<td class='status info' title='info' alt='info'><i class='material-icons'>info_outline</i></td>
				<td class='timestamp'>3:52:31 PM</td>
				<td class='step-details'>
						Taking Screenshot for the FAILED Testcase
					
				</td>
			</tr>
			<tr class='log' status='info'>
				<td class='status info' title='info' alt='info'><i class='material-icons'>info_outline</i></td>
				<td class='timestamp'>3:52:31 PM</td>
				<td class='step-details'>
						listUser Test has ENDED
					
				</td>
			</tr>
			<tr class='log' status='info'>
				<td class='status info' title='info' alt='info'><i class='material-icons'>info_outline</i></td>
				<td class='timestamp'>3:52:31 PM</td>
				<td class='step-details'>
						Navigate to View Users page
					
				</td>
			</tr>
		</tbody>
	</table>
</div>
						<ul class='screenshots'>
							<li><img class='r-img' onerror='this.style.display="none"' data-featherlight='D:\Automation Projects\UserManagementTestAutomation/test-output/ExtentReport/FailedTestsScreenshots20220602/listUser20220602035231.png' src='D:\Automation Projects\UserManagementTestAutomation/test-output/ExtentReport/FailedTestsScreenshots20220602/listUser20220602035231.png' data-src='D:\Automation Projects\UserManagementTestAutomation/test-output/ExtentReport/FailedTestsScreenshots20220602/listUser20220602035231.png'></li>
						</ul>
					</div>
				</li>
				<li class='test displayed active  fail' status='fail' bdd='false' test-id='2'>
					<div class='test-heading'>
						<span class='test-name'>TC-09 --- Verify list users by role</span>
						<span class='test-time'>Jun 2, 2022 03:52:33 PM</span>
						<span class='test-status right fail'>fail</span>
					</div>
					<div class='test-content hide'>
<div class='test-time-info'>
	<span class='label start-time'>Jun 2, 2022 03:52:33 PM</span>
	<span class='label end-time'>Jun 2, 2022 03:53:00 PM</span>
	<span class='label time-taken grey lighten-1 white-text'>0h 0m 27s+69ms</span>
</div>
<div class='test-steps'>
	<table class='bordered table-results'>
		<thead>
			<tr>
				<th>Status</th>
				<th>Timestamp</th>
				<th>Details</th>
			</tr>
		</thead>
		<tbody>
			<tr class='log' status='info'>
				<td class='status info' title='info' alt='info'><i class='material-icons'>info_outline</i></td>
				<td class='timestamp'>3:52:33 PM</td>
				<td class='step-details'>
						TC-09 --- Verify list users by role Test is CREATED
					
				</td>
			</tr>
			<tr class='log' status='error'>
				<td class='status error' title='error' alt='error'><i class='material-icons'>error</i></td>
				<td class='timestamp'>3:52:36 PM</td>
				<td class='step-details'>
						Error occurred in com.fawry.userManagment.angularAutomation.pages.ViewUserPage$1.searchUser
					
				</td>
			</tr>
			<tr class='log' status='error'>
				<td class='status error' title='error' alt='error'><i class='material-icons'>error</i></td>
				<td class='timestamp'>3:52:36 PM</td>
				<td class='step-details'>
						stale element reference: element is not attached to the page document
  (Session info: chrome=101.0.4951.67)
For documentation on this error, please visit: https://www.seleniumhq.org/exceptions/stale_element_reference.html
Build info: version: '3.141.59', revision: 'e82be7d358', time: '2018-11-14T08:17:03'
System info: host: 'FIS-433', ip: '200.100.100.57', os.name: 'Windows 10', os.arch: 'amd64', os.version: '10.0', java.version: '1.8.0_131'
Driver info: org.openqa.selenium.chrome.ChromeDriver
Capabilities {acceptInsecureCerts: true, browserName: chrome, browserVersion: 101.0.4951.67, chrome: {chromedriverVersion: 101.0.4951.41 (93c720db8323..., userDataDir: C:\Users\SARAH~1.ABD\AppDat...}, goog:chromeOptions: {debuggerAddress: localhost:51631}, javascriptEnabled: true, networkConnectionEnabled: false, pageLoadStrategy: normal, platform: WINDOWS, platformName: WINDOWS, proxy: Proxy(), setWindowRect: true, strictFileInteractability: false, timeouts: {implicit: 0, pageLoad: 300000, script: 30000}, unhandledPromptBehavior: dismiss and notify, webauthn:extension:credBlob: true, webauthn:extension:largeBlob: true, webauthn:virtualAuthenticators: true}
Session ID: 600be1f2d72c0e9c0dd084b523b7ca70
					
				</td>
			</tr>
			<tr class='log' status='info'>
				<td class='status info' title='info' alt='info'><i class='material-icons'>info_outline</i></td>
				<td class='timestamp'>3:52:36 PM</td>
				<td class='step-details'>
						logging Testcase FAILED listUser in Extent Report
					
				</td>
			</tr>
			<tr class='log' status='fail'>
				<td class='status fail' title='fail' alt='fail'><i class='material-icons'>cancel</i></td>
				<td class='timestamp'>3:52:36 PM</td>
				<td class='step-details'>
						listUser HAS FAILED
					
				</td>
			</tr>
			<tr class='log' status='fail'>
				<td class='status fail' title='fail' alt='fail'><i class='material-icons'>cancel</i></td>
				<td class='timestamp'>3:52:36 PM</td>
				<td class='step-details'>
						EXCEPTION Thrown is java.lang.AssertionError: Test Failed due to an exception occurred in POM's method While search user and store result in ArrayList. expected [Success] but found [Failed]
					
				</td>
			</tr>
			<tr class='log' status='info'>
				<td class='status info' title='info' alt='info'><i class='material-icons'>info_outline</i></td>
				<td class='timestamp'>3:52:36 PM</td>
				<td class='step-details'>
						Initializing remote connection to server of log file...
					
				</td>
			</tr>
			<tr class='log' status='info'>
				<td class='status info' title='info' alt='info'><i class='material-icons'>info_outline</i></td>
				<td class='timestamp'>3:52:48 PM</td>
				<td class='step-details'>
						Log file path on server: /var/lib/docker/containers/e792697d65f5bce99453e8646fe9cbc453496e26587f7283a605c04848aaabda/e792697d65f5bce99453e8646fe9cbc453496e26587f7283a605c04848aaabda-json.log
					
				</td>
			</tr>
			<tr class='log' status='info'>
				<td class='status info' title='info' alt='info'><i class='material-icons'>info_outline</i></td>
				<td class='timestamp'>3:52:58 PM</td>
				<td class='step-details'>
						Connection to SFTP server is successfully
					
				</td>
			</tr>
			<tr class='log' status='info'>
				<td class='status info' title='info' alt='info'><i class='material-icons'>info_outline</i></td>
				<td class='timestamp'>3:52:59 PM</td>
				<td class='step-details'>
						Remote log file size 134491113
					
				</td>
			</tr>
			<tr class='log' status='info'>
				<td class='status info' title='info' alt='info'><i class='material-icons'>info_outline</i></td>
				<td class='timestamp'>3:52:59 PM</td>
				<td class='step-details'>
						File transfer begin..
					
				</td>
			</tr>
			<tr class='log' status='info'>
				<td class='status info' title='info' alt='info'><i class='material-icons'>info_outline</i></td>
				<td class='timestamp'>3:52:59 PM</td>
				<td class='step-details'>
						Download of file /var/lib/docker/containers/e792697d65f5bce99453e8646fe9cbc453496e26587f7283a605c04848aaabda/e792697d65f5bce99453e8646fe9cbc453496e26587f7283a605c04848aaabda-json.log succeeded.
					
				</td>
			</tr>
			<tr class='log' status='fail'>
				<td class='status fail' title='fail' alt='fail'><i class='material-icons'>cancel</i></td>
				<td class='timestamp'>3:52:59 PM</td>
				<td class='step-details'>
						Application's log file <a href='D:\Automation Projects\UserManagementTestAutomation/test-output/ExtentReport/FailedTestsLogs/listUser20220602035248.log'>log</a>
					
				</td>
			</tr>
			<tr class='log' status='info'>
				<td class='status info' title='info' alt='info'><i class='material-icons'>info_outline</i></td>
				<td class='timestamp'>3:52:59 PM</td>
				<td class='step-details'>
						Taking Screenshot for the FAILED Testcase
					
				</td>
			</tr>
			<tr class='log' status='info'>
				<td class='status info' title='info' alt='info'><i class='material-icons'>info_outline</i></td>
				<td class='timestamp'>3:53:00 PM</td>
				<td class='step-details'>
						listUser Test has ENDED
					
				</td>
			</tr>
			<tr class='log' status='info'>
				<td class='status info' title='info' alt='info'><i class='material-icons'>info_outline</i></td>
				<td class='timestamp'>3:53:00 PM</td>
				<td class='step-details'>
						Navigate to View Users page
					
				</td>
			</tr>
		</tbody>
	</table>
</div>
						<ul class='screenshots'>
							<li><img class='r-img' onerror='this.style.display="none"' data-featherlight='D:\Automation Projects\UserManagementTestAutomation/test-output/ExtentReport/FailedTestsScreenshots20220602/listUser20220602035259.png' src='D:\Automation Projects\UserManagementTestAutomation/test-output/ExtentReport/FailedTestsScreenshots20220602/listUser20220602035259.png' data-src='D:\Automation Projects\UserManagementTestAutomation/test-output/ExtentReport/FailedTestsScreenshots20220602/listUser20220602035259.png'></li>
						</ul>
					</div>
				</li>
				<li class='test displayed active  fail' status='fail' bdd='false' test-id='3'>
					<div class='test-heading'>
						<span class='test-name'>TC-10 --- Verify list users by status = ACTIVE</span>
						<span class='test-time'>Jun 2, 2022 03:53:03 PM</span>
						<span class='test-status right fail'>fail</span>
					</div>
					<div class='test-content hide'>
<div class='test-time-info'>
	<span class='label start-time'>Jun 2, 2022 03:53:03 PM</span>
	<span class='label end-time'>Jun 2, 2022 03:53:23 PM</span>
	<span class='label time-taken grey lighten-1 white-text'>0h 0m 19s+999ms</span>
</div>
<div class='test-steps'>
	<table class='bordered table-results'>
		<thead>
			<tr>
				<th>Status</th>
				<th>Timestamp</th>
				<th>Details</th>
			</tr>
		</thead>
		<tbody>
			<tr class='log' status='info'>
				<td class='status info' title='info' alt='info'><i class='material-icons'>info_outline</i></td>
				<td class='timestamp'>3:53:03 PM</td>
				<td class='step-details'>
						TC-10 --- Verify list users by status = ACTIVE Test is CREATED
					
				</td>
			</tr>
			<tr class='log' status='error'>
				<td class='status error' title='error' alt='error'><i class='material-icons'>error</i></td>
				<td class='timestamp'>3:53:04 PM</td>
				<td class='step-details'>
						Error occurred in com.fawry.userManagment.angularAutomation.pages.ViewUserPage$1.searchUser
					
				</td>
			</tr>
			<tr class='log' status='error'>
				<td class='status error' title='error' alt='error'><i class='material-icons'>error</i></td>
				<td class='timestamp'>3:53:04 PM</td>
				<td class='step-details'>
						stale element reference: element is not attached to the page document
  (Session info: chrome=101.0.4951.67)
For documentation on this error, please visit: https://www.seleniumhq.org/exceptions/stale_element_reference.html
Build info: version: '3.141.59', revision: 'e82be7d358', time: '2018-11-14T08:17:03'
System info: host: 'FIS-433', ip: '200.100.100.57', os.name: 'Windows 10', os.arch: 'amd64', os.version: '10.0', java.version: '1.8.0_131'
Driver info: org.openqa.selenium.chrome.ChromeDriver
Capabilities {acceptInsecureCerts: true, browserName: chrome, browserVersion: 101.0.4951.67, chrome: {chromedriverVersion: 101.0.4951.41 (93c720db8323..., userDataDir: C:\Users\SARAH~1.ABD\AppDat...}, goog:chromeOptions: {debuggerAddress: localhost:51631}, javascriptEnabled: true, networkConnectionEnabled: false, pageLoadStrategy: normal, platform: WINDOWS, platformName: WINDOWS, proxy: Proxy(), setWindowRect: true, strictFileInteractability: false, timeouts: {implicit: 0, pageLoad: 300000, script: 30000}, unhandledPromptBehavior: dismiss and notify, webauthn:extension:credBlob: true, webauthn:extension:largeBlob: true, webauthn:virtualAuthenticators: true}
Session ID: 600be1f2d72c0e9c0dd084b523b7ca70
*** Element info: {Using=tag name, value=td}
					
				</td>
			</tr>
			<tr class='log' status='info'>
				<td class='status info' title='info' alt='info'><i class='material-icons'>info_outline</i></td>
				<td class='timestamp'>3:53:04 PM</td>
				<td class='step-details'>
						logging Testcase FAILED listUser in Extent Report
					
				</td>
			</tr>
			<tr class='log' status='fail'>
				<td class='status fail' title='fail' alt='fail'><i class='material-icons'>cancel</i></td>
				<td class='timestamp'>3:53:04 PM</td>
				<td class='step-details'>
						listUser HAS FAILED
					
				</td>
			</tr>
			<tr class='log' status='fail'>
				<td class='status fail' title='fail' alt='fail'><i class='material-icons'>cancel</i></td>
				<td class='timestamp'>3:53:04 PM</td>
				<td class='step-details'>
						EXCEPTION Thrown is java.lang.AssertionError: Test Failed due to an exception occurred in POM's method While search user and store result in ArrayList. expected [Success] but found [Failed]
					
				</td>
			</tr>
			<tr class='log' status='info'>
				<td class='status info' title='info' alt='info'><i class='material-icons'>info_outline</i></td>
				<td class='timestamp'>3:53:04 PM</td>
				<td class='step-details'>
						Initializing remote connection to server of log file...
					
				</td>
			</tr>
			<tr class='log' status='info'>
				<td class='status info' title='info' alt='info'><i class='material-icons'>info_outline</i></td>
				<td class='timestamp'>3:53:10 PM</td>
				<td class='step-details'>
						Log file path on server: /var/lib/docker/containers/e792697d65f5bce99453e8646fe9cbc453496e26587f7283a605c04848aaabda/e792697d65f5bce99453e8646fe9cbc453496e26587f7283a605c04848aaabda-json.log
					
				</td>
			</tr>
			<tr class='log' status='info'>
				<td class='status info' title='info' alt='info'><i class='material-icons'>info_outline</i></td>
				<td class='timestamp'>3:53:21 PM</td>
				<td class='step-details'>
						Connection to SFTP server is successfully
					
				</td>
			</tr>
			<tr class='log' status='info'>
				<td class='status info' title='info' alt='info'><i class='material-icons'>info_outline</i></td>
				<td class='timestamp'>3:53:22 PM</td>
				<td class='step-details'>
						Remote log file size 134491113
					
				</td>
			</tr>
			<tr class='log' status='info'>
				<td class='status info' title='info' alt='info'><i class='material-icons'>info_outline</i></td>
				<td class='timestamp'>3:53:22 PM</td>
				<td class='step-details'>
						File transfer begin..
					
				</td>
			</tr>
			<tr class='log' status='info'>
				<td class='status info' title='info' alt='info'><i class='material-icons'>info_outline</i></td>
				<td class='timestamp'>3:53:22 PM</td>
				<td class='step-details'>
						Download of file /var/lib/docker/containers/e792697d65f5bce99453e8646fe9cbc453496e26587f7283a605c04848aaabda/e792697d65f5bce99453e8646fe9cbc453496e26587f7283a605c04848aaabda-json.log succeeded.
					
				</td>
			</tr>
			<tr class='log' status='fail'>
				<td class='status fail' title='fail' alt='fail'><i class='material-icons'>cancel</i></td>
				<td class='timestamp'>3:53:22 PM</td>
				<td class='step-details'>
						Application's log file <a href='D:\Automation Projects\UserManagementTestAutomation/test-output/ExtentReport/FailedTestsLogs/listUser20220602035310.log'>log</a>
					
				</td>
			</tr>
			<tr class='log' status='info'>
				<td class='status info' title='info' alt='info'><i class='material-icons'>info_outline</i></td>
				<td class='timestamp'>3:53:22 PM</td>
				<td class='step-details'>
						Taking Screenshot for the FAILED Testcase
					
				</td>
			</tr>
			<tr class='log' status='info'>
				<td class='status info' title='info' alt='info'><i class='material-icons'>info_outline</i></td>
				<td class='timestamp'>3:53:22 PM</td>
				<td class='step-details'>
						listUser Test has ENDED
					
				</td>
			</tr>
			<tr class='log' status='info'>
				<td class='status info' title='info' alt='info'><i class='material-icons'>info_outline</i></td>
				<td class='timestamp'>3:53:23 PM</td>
				<td class='step-details'>
						Navigate to View Users page
					
				</td>
			</tr>
		</tbody>
	</table>
</div>
						<ul class='screenshots'>
							<li><img class='r-img' onerror='this.style.display="none"' data-featherlight='D:\Automation Projects\UserManagementTestAutomation/test-output/ExtentReport/FailedTestsScreenshots20220602/listUser20220602035322.png' src='D:\Automation Projects\UserManagementTestAutomation/test-output/ExtentReport/FailedTestsScreenshots20220602/listUser20220602035322.png' data-src='D:\Automation Projects\UserManagementTestAutomation/test-output/ExtentReport/FailedTestsScreenshots20220602/listUser20220602035322.png'></li>
						</ul>
					</div>
				</li>
				<li class='test displayed active  fail' status='fail' bdd='false' test-id='4'>
					<div class='test-heading'>
						<span class='test-name'>TC-10 --- Verify list users by status = INACTIVE</span>
						<span class='test-time'>Jun 2, 2022 03:53:25 PM</span>
						<span class='test-status right fail'>fail</span>
					</div>
					<div class='test-content hide'>
<div class='test-time-info'>
	<span class='label start-time'>Jun 2, 2022 03:53:25 PM</span>
	<span class='label end-time'>Jun 2, 2022 03:53:49 PM</span>
	<span class='label time-taken grey lighten-1 white-text'>0h 0m 24s+309ms</span>
</div>
<div class='test-steps'>
	<table class='bordered table-results'>
		<thead>
			<tr>
				<th>Status</th>
				<th>Timestamp</th>
				<th>Details</th>
			</tr>
		</thead>
		<tbody>
			<tr class='log' status='info'>
				<td class='status info' title='info' alt='info'><i class='material-icons'>info_outline</i></td>
				<td class='timestamp'>3:53:25 PM</td>
				<td class='step-details'>
						TC-10 --- Verify list users by status = INACTIVE Test is CREATED
					
				</td>
			</tr>
			<tr class='log' status='error'>
				<td class='status error' title='error' alt='error'><i class='material-icons'>error</i></td>
				<td class='timestamp'>3:53:26 PM</td>
				<td class='step-details'>
						Error occurred in com.fawry.userManagment.angularAutomation.pages.ViewUserPage$1.searchUser
					
				</td>
			</tr>
			<tr class='log' status='error'>
				<td class='status error' title='error' alt='error'><i class='material-icons'>error</i></td>
				<td class='timestamp'>3:53:26 PM</td>
				<td class='step-details'>
						stale element reference: element is not attached to the page document
  (Session info: chrome=101.0.4951.67)
For documentation on this error, please visit: https://www.seleniumhq.org/exceptions/stale_element_reference.html
Build info: version: '3.141.59', revision: 'e82be7d358', time: '2018-11-14T08:17:03'
System info: host: 'FIS-433', ip: '200.100.100.57', os.name: 'Windows 10', os.arch: 'amd64', os.version: '10.0', java.version: '1.8.0_131'
Driver info: org.openqa.selenium.chrome.ChromeDriver
Capabilities {acceptInsecureCerts: true, browserName: chrome, browserVersion: 101.0.4951.67, chrome: {chromedriverVersion: 101.0.4951.41 (93c720db8323..., userDataDir: C:\Users\SARAH~1.ABD\AppDat...}, goog:chromeOptions: {debuggerAddress: localhost:51631}, javascriptEnabled: true, networkConnectionEnabled: false, pageLoadStrategy: normal, platform: WINDOWS, platformName: WINDOWS, proxy: Proxy(), setWindowRect: true, strictFileInteractability: false, timeouts: {implicit: 0, pageLoad: 300000, script: 30000}, unhandledPromptBehavior: dismiss and notify, webauthn:extension:credBlob: true, webauthn:extension:largeBlob: true, webauthn:virtualAuthenticators: true}
Session ID: 600be1f2d72c0e9c0dd084b523b7ca70
					
				</td>
			</tr>
			<tr class='log' status='info'>
				<td class='status info' title='info' alt='info'><i class='material-icons'>info_outline</i></td>
				<td class='timestamp'>3:53:26 PM</td>
				<td class='step-details'>
						logging Testcase FAILED listUser in Extent Report
					
				</td>
			</tr>
			<tr class='log' status='fail'>
				<td class='status fail' title='fail' alt='fail'><i class='material-icons'>cancel</i></td>
				<td class='timestamp'>3:53:26 PM</td>
				<td class='step-details'>
						listUser HAS FAILED
					
				</td>
			</tr>
			<tr class='log' status='fail'>
				<td class='status fail' title='fail' alt='fail'><i class='material-icons'>cancel</i></td>
				<td class='timestamp'>3:53:26 PM</td>
				<td class='step-details'>
						EXCEPTION Thrown is java.lang.AssertionError: Test Failed due to an exception occurred in POM's method While search user and store result in ArrayList. expected [Success] but found [Failed]
					
				</td>
			</tr>
			<tr class='log' status='info'>
				<td class='status info' title='info' alt='info'><i class='material-icons'>info_outline</i></td>
				<td class='timestamp'>3:53:26 PM</td>
				<td class='step-details'>
						Initializing remote connection to server of log file...
					
				</td>
			</tr>
			<tr class='log' status='info'>
				<td class='status info' title='info' alt='info'><i class='material-icons'>info_outline</i></td>
				<td class='timestamp'>3:53:37 PM</td>
				<td class='step-details'>
						Log file path on server: /var/lib/docker/containers/e792697d65f5bce99453e8646fe9cbc453496e26587f7283a605c04848aaabda/e792697d65f5bce99453e8646fe9cbc453496e26587f7283a605c04848aaabda-json.log
					
				</td>
			</tr>
			<tr class='log' status='info'>
				<td class='status info' title='info' alt='info'><i class='material-icons'>info_outline</i></td>
				<td class='timestamp'>3:53:48 PM</td>
				<td class='step-details'>
						Connection to SFTP server is successfully
					
				</td>
			</tr>
			<tr class='log' status='info'>
				<td class='status info' title='info' alt='info'><i class='material-icons'>info_outline</i></td>
				<td class='timestamp'>3:53:48 PM</td>
				<td class='step-details'>
						Remote log file size 134491113
					
				</td>
			</tr>
			<tr class='log' status='info'>
				<td class='status info' title='info' alt='info'><i class='material-icons'>info_outline</i></td>
				<td class='timestamp'>3:53:48 PM</td>
				<td class='step-details'>
						File transfer begin..
					
				</td>
			</tr>
			<tr class='log' status='info'>
				<td class='status info' title='info' alt='info'><i class='material-icons'>info_outline</i></td>
				<td class='timestamp'>3:53:49 PM</td>
				<td class='step-details'>
						Download of file /var/lib/docker/containers/e792697d65f5bce99453e8646fe9cbc453496e26587f7283a605c04848aaabda/e792697d65f5bce99453e8646fe9cbc453496e26587f7283a605c04848aaabda-json.log succeeded.
					
				</td>
			</tr>
			<tr class='log' status='fail'>
				<td class='status fail' title='fail' alt='fail'><i class='material-icons'>cancel</i></td>
				<td class='timestamp'>3:53:49 PM</td>
				<td class='step-details'>
						Application's log file <a href='D:\Automation Projects\UserManagementTestAutomation/test-output/ExtentReport/FailedTestsLogs/listUser20220602035337.log'>log</a>
					
				</td>
			</tr>
			<tr class='log' status='info'>
				<td class='status info' title='info' alt='info'><i class='material-icons'>info_outline</i></td>
				<td class='timestamp'>3:53:49 PM</td>
				<td class='step-details'>
						Taking Screenshot for the FAILED Testcase
					
				</td>
			</tr>
			<tr class='log' status='info'>
				<td class='status info' title='info' alt='info'><i class='material-icons'>info_outline</i></td>
				<td class='timestamp'>3:53:49 PM</td>
				<td class='step-details'>
						listUser Test has ENDED
					
				</td>
			</tr>
			<tr class='log' status='info'>
				<td class='status info' title='info' alt='info'><i class='material-icons'>info_outline</i></td>
				<td class='timestamp'>3:53:49 PM</td>
				<td class='step-details'>
						Navigate to View Users page
					
				</td>
			</tr>
		</tbody>
	</table>
</div>
						<ul class='screenshots'>
							<li><img class='r-img' onerror='this.style.display="none"' data-featherlight='D:\Automation Projects\UserManagementTestAutomation/test-output/ExtentReport/FailedTestsScreenshots20220602/listUser20220602035349.png' src='D:\Automation Projects\UserManagementTestAutomation/test-output/ExtentReport/FailedTestsScreenshots20220602/listUser20220602035349.png' data-src='D:\Automation Projects\UserManagementTestAutomation/test-output/ExtentReport/FailedTestsScreenshots20220602/listUser20220602035349.png'></li>
						</ul>
					</div>
				</li>
				<li class='test displayed active  fail' status='fail' bdd='false' test-id='5'>
					<div class='test-heading'>
						<span class='test-name'>TC-10 --- Verify list users by status = BLOCKED</span>
						<span class='test-time'>Jun 2, 2022 03:53:51 PM</span>
						<span class='test-status right fail'>fail</span>
					</div>
					<div class='test-content hide'>
<div class='test-time-info'>
	<span class='label start-time'>Jun 2, 2022 03:53:51 PM</span>
	<span class='label end-time'>Jun 2, 2022 03:54:11 PM</span>
	<span class='label time-taken grey lighten-1 white-text'>0h 0m 19s+433ms</span>
</div>
<div class='test-steps'>
	<table class='bordered table-results'>
		<thead>
			<tr>
				<th>Status</th>
				<th>Timestamp</th>
				<th>Details</th>
			</tr>
		</thead>
		<tbody>
			<tr class='log' status='info'>
				<td class='status info' title='info' alt='info'><i class='material-icons'>info_outline</i></td>
				<td class='timestamp'>3:53:51 PM</td>
				<td class='step-details'>
						TC-10 --- Verify list users by status = BLOCKED Test is CREATED
					
				</td>
			</tr>
			<tr class='log' status='error'>
				<td class='status error' title='error' alt='error'><i class='material-icons'>error</i></td>
				<td class='timestamp'>3:53:53 PM</td>
				<td class='step-details'>
						Error occurred in com.fawry.userManagment.angularAutomation.pages.ViewUserPage$1.searchUser
					
				</td>
			</tr>
			<tr class='log' status='error'>
				<td class='status error' title='error' alt='error'><i class='material-icons'>error</i></td>
				<td class='timestamp'>3:53:53 PM</td>
				<td class='step-details'>
						stale element reference: element is not attached to the page document
  (Session info: chrome=101.0.4951.67)
For documentation on this error, please visit: https://www.seleniumhq.org/exceptions/stale_element_reference.html
Build info: version: '3.141.59', revision: 'e82be7d358', time: '2018-11-14T08:17:03'
System info: host: 'FIS-433', ip: '200.100.100.57', os.name: 'Windows 10', os.arch: 'amd64', os.version: '10.0', java.version: '1.8.0_131'
Driver info: org.openqa.selenium.chrome.ChromeDriver
Capabilities {acceptInsecureCerts: true, browserName: chrome, browserVersion: 101.0.4951.67, chrome: {chromedriverVersion: 101.0.4951.41 (93c720db8323..., userDataDir: C:\Users\SARAH~1.ABD\AppDat...}, goog:chromeOptions: {debuggerAddress: localhost:51631}, javascriptEnabled: true, networkConnectionEnabled: false, pageLoadStrategy: normal, platform: WINDOWS, platformName: WINDOWS, proxy: Proxy(), setWindowRect: true, strictFileInteractability: false, timeouts: {implicit: 0, pageLoad: 300000, script: 30000}, unhandledPromptBehavior: dismiss and notify, webauthn:extension:credBlob: true, webauthn:extension:largeBlob: true, webauthn:virtualAuthenticators: true}
Session ID: 600be1f2d72c0e9c0dd084b523b7ca70
					
				</td>
			</tr>
			<tr class='log' status='info'>
				<td class='status info' title='info' alt='info'><i class='material-icons'>info_outline</i></td>
				<td class='timestamp'>3:53:53 PM</td>
				<td class='step-details'>
						logging Testcase FAILED listUser in Extent Report
					
				</td>
			</tr>
			<tr class='log' status='fail'>
				<td class='status fail' title='fail' alt='fail'><i class='material-icons'>cancel</i></td>
				<td class='timestamp'>3:53:53 PM</td>
				<td class='step-details'>
						listUser HAS FAILED
					
				</td>
			</tr>
			<tr class='log' status='fail'>
				<td class='status fail' title='fail' alt='fail'><i class='material-icons'>cancel</i></td>
				<td class='timestamp'>3:53:53 PM</td>
				<td class='step-details'>
						EXCEPTION Thrown is java.lang.AssertionError: Test Failed due to an exception occurred in POM's method While search user and store result in ArrayList. expected [Success] but found [Failed]
					
				</td>
			</tr>
			<tr class='log' status='info'>
				<td class='status info' title='info' alt='info'><i class='material-icons'>info_outline</i></td>
				<td class='timestamp'>3:53:53 PM</td>
				<td class='step-details'>
						Initializing remote connection to server of log file...
					
				</td>
			</tr>
			<tr class='log' status='info'>
				<td class='status info' title='info' alt='info'><i class='material-icons'>info_outline</i></td>
				<td class='timestamp'>3:53:58 PM</td>
				<td class='step-details'>
						Log file path on server: /var/lib/docker/containers/e792697d65f5bce99453e8646fe9cbc453496e26587f7283a605c04848aaabda/e792697d65f5bce99453e8646fe9cbc453496e26587f7283a605c04848aaabda-json.log
					
				</td>
			</tr>
			<tr class='log' status='info'>
				<td class='status info' title='info' alt='info'><i class='material-icons'>info_outline</i></td>
				<td class='timestamp'>3:54:09 PM</td>
				<td class='step-details'>
						Connection to SFTP server is successfully
					
				</td>
			</tr>
			<tr class='log' status='info'>
				<td class='status info' title='info' alt='info'><i class='material-icons'>info_outline</i></td>
				<td class='timestamp'>3:54:10 PM</td>
				<td class='step-details'>
						Remote log file size 134491113
					
				</td>
			</tr>
			<tr class='log' status='info'>
				<td class='status info' title='info' alt='info'><i class='material-icons'>info_outline</i></td>
				<td class='timestamp'>3:54:10 PM</td>
				<td class='step-details'>
						File transfer begin..
					
				</td>
			</tr>
			<tr class='log' status='info'>
				<td class='status info' title='info' alt='info'><i class='material-icons'>info_outline</i></td>
				<td class='timestamp'>3:54:10 PM</td>
				<td class='step-details'>
						Download of file /var/lib/docker/containers/e792697d65f5bce99453e8646fe9cbc453496e26587f7283a605c04848aaabda/e792697d65f5bce99453e8646fe9cbc453496e26587f7283a605c04848aaabda-json.log succeeded.
					
				</td>
			</tr>
			<tr class='log' status='fail'>
				<td class='status fail' title='fail' alt='fail'><i class='material-icons'>cancel</i></td>
				<td class='timestamp'>3:54:10 PM</td>
				<td class='step-details'>
						Application's log file <a href='D:\Automation Projects\UserManagementTestAutomation/test-output/ExtentReport/FailedTestsLogs/listUser20220602035358.log'>log</a>
					
				</td>
			</tr>
			<tr class='log' status='info'>
				<td class='status info' title='info' alt='info'><i class='material-icons'>info_outline</i></td>
				<td class='timestamp'>3:54:10 PM</td>
				<td class='step-details'>
						Taking Screenshot for the FAILED Testcase
					
				</td>
			</tr>
			<tr class='log' status='info'>
				<td class='status info' title='info' alt='info'><i class='material-icons'>info_outline</i></td>
				<td class='timestamp'>3:54:11 PM</td>
				<td class='step-details'>
						listUser Test has ENDED
					
				</td>
			</tr>
			<tr class='log' status='info'>
				<td class='status info' title='info' alt='info'><i class='material-icons'>info_outline</i></td>
				<td class='timestamp'>3:54:11 PM</td>
				<td class='step-details'>
						Navigate to View Users page
					
				</td>
			</tr>
		</tbody>
	</table>
</div>
						<ul class='screenshots'>
							<li><img class='r-img' onerror='this.style.display="none"' data-featherlight='D:\Automation Projects\UserManagementTestAutomation/test-output/ExtentReport/FailedTestsScreenshots20220602/listUser20220602035410.png' src='D:\Automation Projects\UserManagementTestAutomation/test-output/ExtentReport/FailedTestsScreenshots20220602/listUser20220602035410.png' data-src='D:\Automation Projects\UserManagementTestAutomation/test-output/ExtentReport/FailedTestsScreenshots20220602/listUser20220602035410.png'></li>
						</ul>
					</div>
				</li>
				<li class='test displayed active  fail' status='fail' bdd='false' test-id='6'>
					<div class='test-heading'>
						<span class='test-name'>TC-11 --- Verify list all users</span>
						<span class='test-time'>Jun 2, 2022 03:54:13 PM</span>
						<span class='test-status right fail'>fail</span>
					</div>
					<div class='test-content hide'>
<div class='test-time-info'>
	<span class='label start-time'>Jun 2, 2022 03:54:13 PM</span>
	<span class='label end-time'>Jun 2, 2022 03:54:38 PM</span>
	<span class='label time-taken grey lighten-1 white-text'>0h 0m 25s+55ms</span>
</div>
<div class='test-steps'>
	<table class='bordered table-results'>
		<thead>
			<tr>
				<th>Status</th>
				<th>Timestamp</th>
				<th>Details</th>
			</tr>
		</thead>
		<tbody>
			<tr class='log' status='info'>
				<td class='status info' title='info' alt='info'><i class='material-icons'>info_outline</i></td>
				<td class='timestamp'>3:54:13 PM</td>
				<td class='step-details'>
						TC-11 --- Verify list all users Test is CREATED
					
				</td>
			</tr>
			<tr class='log' status='error'>
				<td class='status error' title='error' alt='error'><i class='material-icons'>error</i></td>
				<td class='timestamp'>3:54:14 PM</td>
				<td class='step-details'>
						Error occurred in com.fawry.userManagment.angularAutomation.pages.ViewUserPage$1.searchUser
					
				</td>
			</tr>
			<tr class='log' status='error'>
				<td class='status error' title='error' alt='error'><i class='material-icons'>error</i></td>
				<td class='timestamp'>3:54:14 PM</td>
				<td class='step-details'>
						stale element reference: element is not attached to the page document
  (Session info: chrome=101.0.4951.67)
For documentation on this error, please visit: https://www.seleniumhq.org/exceptions/stale_element_reference.html
Build info: version: '3.141.59', revision: 'e82be7d358', time: '2018-11-14T08:17:03'
System info: host: 'FIS-433', ip: '200.100.100.57', os.name: 'Windows 10', os.arch: 'amd64', os.version: '10.0', java.version: '1.8.0_131'
Driver info: org.openqa.selenium.chrome.ChromeDriver
Capabilities {acceptInsecureCerts: true, browserName: chrome, browserVersion: 101.0.4951.67, chrome: {chromedriverVersion: 101.0.4951.41 (93c720db8323..., userDataDir: C:\Users\SARAH~1.ABD\AppDat...}, goog:chromeOptions: {debuggerAddress: localhost:51631}, javascriptEnabled: true, networkConnectionEnabled: false, pageLoadStrategy: normal, platform: WINDOWS, platformName: WINDOWS, proxy: Proxy(), setWindowRect: true, strictFileInteractability: false, timeouts: {implicit: 0, pageLoad: 300000, script: 30000}, unhandledPromptBehavior: dismiss and notify, webauthn:extension:credBlob: true, webauthn:extension:largeBlob: true, webauthn:virtualAuthenticators: true}
Session ID: 600be1f2d72c0e9c0dd084b523b7ca70
					
				</td>
			</tr>
			<tr class='log' status='info'>
				<td class='status info' title='info' alt='info'><i class='material-icons'>info_outline</i></td>
				<td class='timestamp'>3:54:14 PM</td>
				<td class='step-details'>
						logging Testcase FAILED listUser in Extent Report
					
				</td>
			</tr>
			<tr class='log' status='fail'>
				<td class='status fail' title='fail' alt='fail'><i class='material-icons'>cancel</i></td>
				<td class='timestamp'>3:54:14 PM</td>
				<td class='step-details'>
						listUser HAS FAILED
					
				</td>
			</tr>
			<tr class='log' status='fail'>
				<td class='status fail' title='fail' alt='fail'><i class='material-icons'>cancel</i></td>
				<td class='timestamp'>3:54:14 PM</td>
				<td class='step-details'>
						EXCEPTION Thrown is java.lang.AssertionError: Test Failed due to an exception occurred in POM's method While search user and store result in ArrayList. expected [Success] but found [Failed]
					
				</td>
			</tr>
			<tr class='log' status='info'>
				<td class='status info' title='info' alt='info'><i class='material-icons'>info_outline</i></td>
				<td class='timestamp'>3:54:14 PM</td>
				<td class='step-details'>
						Initializing remote connection to server of log file...
					
				</td>
			</tr>
			<tr class='log' status='info'>
				<td class='status info' title='info' alt='info'><i class='material-icons'>info_outline</i></td>
				<td class='timestamp'>3:54:25 PM</td>
				<td class='step-details'>
						Log file path on server: /var/lib/docker/containers/e792697d65f5bce99453e8646fe9cbc453496e26587f7283a605c04848aaabda/e792697d65f5bce99453e8646fe9cbc453496e26587f7283a605c04848aaabda-json.log
					
				</td>
			</tr>
			<tr class='log' status='info'>
				<td class='status info' title='info' alt='info'><i class='material-icons'>info_outline</i></td>
				<td class='timestamp'>3:54:36 PM</td>
				<td class='step-details'>
						Connection to SFTP server is successfully
					
				</td>
			</tr>
			<tr class='log' status='info'>
				<td class='status info' title='info' alt='info'><i class='material-icons'>info_outline</i></td>
				<td class='timestamp'>3:54:36 PM</td>
				<td class='step-details'>
						Remote log file size 134491113
					
				</td>
			</tr>
			<tr class='log' status='info'>
				<td class='status info' title='info' alt='info'><i class='material-icons'>info_outline</i></td>
				<td class='timestamp'>3:54:36 PM</td>
				<td class='step-details'>
						File transfer begin..
					
				</td>
			</tr>
			<tr class='log' status='info'>
				<td class='status info' title='info' alt='info'><i class='material-icons'>info_outline</i></td>
				<td class='timestamp'>3:54:37 PM</td>
				<td class='step-details'>
						Download of file /var/lib/docker/containers/e792697d65f5bce99453e8646fe9cbc453496e26587f7283a605c04848aaabda/e792697d65f5bce99453e8646fe9cbc453496e26587f7283a605c04848aaabda-json.log succeeded.
					
				</td>
			</tr>
			<tr class='log' status='fail'>
				<td class='status fail' title='fail' alt='fail'><i class='material-icons'>cancel</i></td>
				<td class='timestamp'>3:54:37 PM</td>
				<td class='step-details'>
						Application's log file <a href='D:\Automation Projects\UserManagementTestAutomation/test-output/ExtentReport/FailedTestsLogs/listUser20220602035425.log'>log</a>
					
				</td>
			</tr>
			<tr class='log' status='info'>
				<td class='status info' title='info' alt='info'><i class='material-icons'>info_outline</i></td>
				<td class='timestamp'>3:54:37 PM</td>
				<td class='step-details'>
						Taking Screenshot for the FAILED Testcase
					
				</td>
			</tr>
			<tr class='log' status='info'>
				<td class='status info' title='info' alt='info'><i class='material-icons'>info_outline</i></td>
				<td class='timestamp'>3:54:37 PM</td>
				<td class='step-details'>
						listUser Test has ENDED
					
				</td>
			</tr>
			<tr class='log' status='info'>
				<td class='status info' title='info' alt='info'><i class='material-icons'>info_outline</i></td>
				<td class='timestamp'>3:54:37 PM</td>
				<td class='step-details'>
						Closing selenium Web driver after Class
					
				</td>
			</tr>
			<tr class='log' status='info'>
				<td class='status info' title='info' alt='info'><i class='material-icons'>info_outline</i></td>
				<td class='timestamp'>3:54:38 PM</td>
				<td class='step-details'>
						Closing Extent report after Suite
					
				</td>
			</tr>
		</tbody>
	</table>
</div>
						<ul class='screenshots'>
							<li><img class='r-img' onerror='this.style.display="none"' data-featherlight='D:\Automation Projects\UserManagementTestAutomation/test-output/ExtentReport/FailedTestsScreenshots20220602/listUser20220602035437.png' src='D:\Automation Projects\UserManagementTestAutomation/test-output/ExtentReport/FailedTestsScreenshots20220602/listUser20220602035437.png' data-src='D:\Automation Projects\UserManagementTestAutomation/test-output/ExtentReport/FailedTestsScreenshots20220602/listUser20220602035437.png'></li>
						</ul>
					</div>
				</li>
			</ul>
		</div>
	</div>
	<!-- subview left -->
	<div class='subview-right left'>
		<div class='view-summary'>
			<div id='step-filters' class="right sr-filters">
				<a class="btn-floating waves-effect waves-light green" status="pass" alt="pass" title="pass"><i class="material-icons">check_circle</i></a>
				<a class="btn-floating waves-effect waves-light red" status="fail" alt="fail" title="fail"><i class="material-icons">cancel</i></a>
				<a class="btn-floating waves-effect waves-light red darken-4" status="fatal" alt="fatal" title="fatal"><i class="material-icons">cancel</i></a>
				<a class="btn-floating waves-effect waves-light pink text-lighten-1" status="error" alt="error" title="error"><i class="material-icons">error</i></a>
				<a class="btn-floating waves-effect waves-light orange" alt="warning" status="warning" title="warning"><i class="material-icons">warning</i></a>
				<a class="btn-floating waves-effect waves-light teal" status="skip" alt="skip" title="skip"><i class="material-icons">redo</i></a>
				<a class="btn-floating waves-effect waves-light grey" status="clear" alt="Clear filters" title="Clear filters"><i class="material-icons">clear</i></a>
			</div>
			<h5 class='test-name'></h5>
		</div>
	</div>
	<!-- subview right -->
</div>
<!-- test view --><!-- category view --><!-- exception view --><div id='dashboard-view' class='view hide'>
	<div class='card-panel transparent np-v'>
		<h5>Dashboard</h5>

		<div class='row'>
			<div class='col s2'>
				<div class='card-panel r'>
					Tests
					<div class='panel-lead'>6</div>
				</div>
			</div>
			<div class='col s2'>
				<div class='card-panel r'>
					Steps
					<div class='panel-lead'>0</div>
				</div>
			</div>
			<div class='col s2'>
				<div class='card-panel r'>
					Start
					<div class='panel-lead'>Jun 2, 2022 03:51:53 PM</div>
				</div>
			</div>
			<div class='col s2'>
				<div class='card-panel r'>
			 		End
			 		<div class='panel-lead'>Jun 2, 2022 03:54:38 PM</div>
				</div>
			</div>
			<div class='col s2'>
				<div class='card-panel r'>
					Time Taken
					<div class='panel-lead'>0h 2m 45s+520ms</div>
				</div>
			</div>
			<div class='col s4'>
				<div class='card-panel dashboard-environment'>
					<span class='right label cyan white-text'>Environment</span><p>&nbsp;</p>
					
					<table>
						<tr>
							<th>Name</th>
							<th>Value</th>
						</tr>
							<tr>
								<td>Environemnt</td>
								<td>QA</td>
							</tr>
							<tr>
								<td>Browser</td>
								<td>Chrome</td>
							</tr>
					</table>
				</div>
			</div>
		</div>
	</div>
</div>
<!-- dashboard view -->
<!-- testrunner-logs view -->		</div>
		<!-- container -->
		<script>
			var statusGroup = {
                parentCount: 6,
				passParent: 0,
				failParent: 6,
				fatalParent: 0,
				errorParent: 0,
				warningParent: 0,
				skipParent: 0,
				exceptionsParent: 6,
				childCount: 0,
				passChild: 0,
				failChild: 0,
				fatalChild: 0,
				errorChild: 0,
				warningChild: 0,
				skipChild: 0,
				infoChild: 0,
				debugChild: 0,
				exceptionsChild: 0,
				grandChildCount: 0,
				passGrandChild: 0,
				failGrandChild: 0,
				fatalGrandChild: 0,
				errorGrandChild: 0,
				warningGrandChild: 0,
				skipGrandChild: 0,
				infoGrandChild: 0,
				debugGrandChild: 0,
				exceptionsGrandChild: 0,
			};
		</script>
		<script>
			var timeline = {
			        "TC-08 --- Verify list users by email":25.582,"TC-09 --- Verify list users by role":27.069,"TC-10 --- Verify list users by status = ACTIVE":19.999,"TC-10 --- Verify list users by status = INACTIVE":24.309,"TC-10 --- Verify list users by status = BLOCKED":19.433,"TC-11 --- Verify list all users":25.055
			};
		</script>
		<script src='https://cdn.rawgit.com/extent-framework/extent-github-cdn/b65cd69/v3html/js/extent.js' type='text/javascript'></script>
		<script type='text/javascript'>
		</script>
	</body>
</html>