<?xml version="1.0" encoding="UTF-8"?>
<testng-results ignored="1" total="4" passed="0" failed="3" skipped="0">
  <reporter-output>
  </reporter-output>
  <suite started-at="2020-12-06T11:35:16 AEDT" name="Suite" finished-at="2020-12-06T11:36:42 AEDT" duration-ms="85921">
    <groups>
    </groups>
    <test started-at="2020-12-06T11:35:16 AEDT" name="Chrome test" finished-at="2020-12-06T11:36:42 AEDT" duration-ms="85921">
      <class name="com.fawry.promoLoyalty.angularAutomation.tests.LoyaltyProgsTests">
        <test-method is-config="true" signature="setExtent(java.lang.String)[pri:0, instance:com.fawry.promoLoyalty.angularAutomation.tests.LoyaltyProgsTests@3bd323e9]" started-at="2020-12-06T11:35:16 AEDT" name="setExtent" description="Setting up extent report" finished-at="2020-12-06T11:35:17 AEDT" duration-ms="579" status="PASS">
          <params>
            <param index="0">
              <value>
                <![CDATA[Chrome]]>
              </value>
            </param>
          </params>
          <reporter-output>
          </reporter-output>
        </test-method> <!-- setExtent -->
        <test-method is-config="true" signature="loadConfiguration(java.lang.String, java.lang.String)[pri:0, instance:com.fawry.promoLoyalty.angularAutomation.tests.LoyaltyProgsTests@3bd323e9]" started-at="2020-12-06T11:35:17 AEDT" name="loadConfiguration" description="Setting up selenium webdriver before each class run" finished-at="2020-12-06T11:35:26 AEDT" duration-ms="8877" status="PASS">
          <params>
            <param index="0">
              <value>
                <![CDATA[http://10.95.0.121:8000/]]>
              </value>
            </param>
            <param index="1">
              <value>
                <![CDATA[Chrome]]>
              </value>
            </param>
          </params>
          <reporter-output>
          </reporter-output>
        </test-method> <!-- loadConfiguration -->
        <test-method is-config="true" signature="loginSuccessfully()[pri:0, instance:com.fawry.promoLoyalty.angularAutomation.tests.LoyaltyProgsTests@3bd323e9]" started-at="2020-12-06T11:35:26 AEDT" name="loginSuccessfully" description="Login successfully to the application in order to proceed in business tests" finished-at="2020-12-06T11:35:26 AEDT" duration-ms="533" status="PASS">
          <reporter-output>
          </reporter-output>
        </test-method> <!-- loginSuccessfully -->
        <test-method is-config="true" signature="provideLoyaltyProgTD()[pri:0, instance:com.fawry.promoLoyalty.angularAutomation.tests.LoyaltyProgsTests@3bd323e9]" started-at="2020-12-06T11:35:26 AEDT" name="provideLoyaltyProgTD" finished-at="2020-12-06T11:35:27 AEDT" duration-ms="517" status="PASS">
          <reporter-output>
          </reporter-output>
        </test-method> <!-- provideLoyaltyProgTD -->
        <test-method is-config="true" signature="navigateToLoyaltyPrograms()[pri:0, instance:com.fawry.promoLoyalty.angularAutomation.tests.LoyaltyProgsTests@3bd323e9]" started-at="2020-12-06T11:35:27 AEDT" name="navigateToLoyaltyPrograms" finished-at="2020-12-06T11:35:30 AEDT" duration-ms="2725" status="PASS">
          <reporter-output>
          </reporter-output>
        </test-method> <!-- navigateToLoyaltyPrograms -->
        <test-method signature="updateLoyaltyProgram(com.fawry.promoLoyalty.angularAutomation.dataModels.LoyaltyProgDM)[pri:1, instance:com.fawry.promoLoyalty.angularAutomation.tests.LoyaltyProgsTests@3bd323e9]" started-at="2020-12-06T11:35:30 AEDT" name="updateLoyaltyProgram" description="Validate Updating loyalty program Functionalities" data-provider="updateLoyaltyProgDP" finished-at="2020-12-06T11:36:08 AEDT" duration-ms="38527" status="FAIL">
          <params>
            <param index="0">
              <value>
                <![CDATA[com.fawry.promoLoyalty.angularAutomation.dataModels.LoyaltyProgDM@4792f119]]>
              </value>
            </param>
          </params>
          <exception class="java.lang.AssertionError">
            <message>
              <![CDATA[Update loyalty Amount program - earning points calculated external 1111 Failed expected [true] but found [false]]]>
            </message>
            <full-stacktrace>
              <![CDATA[java.lang.AssertionError: Update loyalty Amount program - earning points calculated external 1111 Failed expected [true] but found [false]
at org.testng.Assert.fail(Assert.java:99)
at org.testng.Assert.failNotEquals(Assert.java:1037)
at org.testng.Assert.assertTrue(Assert.java:45)
at com.fawry.promoLoyalty.angularAutomation.tests.LoyaltyProgsTests.assertAddUpdateLoyaltyProg(LoyaltyProgsTests.java:125)
at com.fawry.promoLoyalty.angularAutomation.tests.LoyaltyProgsTests.updateLoyaltyProgram(LoyaltyProgsTests.java:105)
at java.base/jdk.internal.reflect.NativeMethodAccessorImpl.invoke0(Native Method)
at java.base/jdk.internal.reflect.NativeMethodAccessorImpl.invoke(NativeMethodAccessorImpl.java:62)
at java.base/jdk.internal.reflect.DelegatingMethodAccessorImpl.invoke(DelegatingMethodAccessorImpl.java:43)
at java.base/java.lang.reflect.Method.invoke(Method.java:566)
at org.testng.internal.MethodInvocationHelper.invokeMethod(MethodInvocationHelper.java:132)
at org.testng.internal.TestInvoker.invokeMethod(TestInvoker.java:599)
at org.testng.internal.TestInvoker.invokeTestMethod(TestInvoker.java:174)
at org.testng.internal.MethodRunner.runInSequence(MethodRunner.java:46)
at org.testng.internal.TestInvoker$MethodInvocationAgent.invoke(TestInvoker.java:822)
at org.testng.internal.TestInvoker.invokeTestMethods(TestInvoker.java:147)
at org.testng.internal.TestMethodWorker.invokeTestMethods(TestMethodWorker.java:146)
at org.testng.internal.TestMethodWorker.run(TestMethodWorker.java:128)
at java.base/java.util.ArrayList.forEach(ArrayList.java:1541)
at org.testng.TestRunner.privateRun(TestRunner.java:764)
at org.testng.TestRunner.run(TestRunner.java:585)
at org.testng.SuiteRunner.runTest(SuiteRunner.java:384)
at org.testng.SuiteRunner.runSequentially(SuiteRunner.java:378)
at org.testng.SuiteRunner.privateRun(SuiteRunner.java:337)
at org.testng.SuiteRunner.run(SuiteRunner.java:286)
at org.testng.SuiteRunnerWorker.runSuite(SuiteRunnerWorker.java:53)
at org.testng.SuiteRunnerWorker.run(SuiteRunnerWorker.java:96)
at org.testng.TestNG.runSuitesSequentially(TestNG.java:1218)
at org.testng.TestNG.runSuitesLocally(TestNG.java:1140)
at org.testng.TestNG.runSuites(TestNG.java:1069)
at org.testng.TestNG.run(TestNG.java:1037)
at org.testng.remote.AbstractRemoteTestNG.run(AbstractRemoteTestNG.java:115)
at org.testng.remote.RemoteTestNG.initAndRun(RemoteTestNG.java:251)
at org.testng.remote.RemoteTestNG.main(RemoteTestNG.java:77)
]]>
            </full-stacktrace>
          </exception> <!-- java.lang.AssertionError -->
          <reporter-output>
          </reporter-output>
        </test-method> <!-- updateLoyaltyProgram -->
        <test-method is-config="true" signature="logTestStatusForReport(org.testng.ITestResult)[pri:0, instance:com.fawry.promoLoyalty.angularAutomation.tests.LoyaltyProgsTests@3bd323e9]" started-at="2020-12-06T11:36:08 AEDT" name="logTestStatusForReport" description="Logging test status to log file and extent report" finished-at="2020-12-06T11:36:15 AEDT" duration-ms="7390" status="PASS">
          <params>
            <param index="0">
              <value>
                <![CDATA[[TestResult name=updateLoyaltyProgram status=FAILURE method=LoyaltyProgsTests.updateLoyaltyProgram(com.fawry.promoLoyalty.angularAutomation.dataModels.LoyaltyProgDM)[pri:1, instance:com.fawry.promoLoyalty.angularAutomation.tests.LoyaltyProgsTests@3bd323e9] output={null}]]]>
              </value>
            </param>
          </params>
          <reporter-output>
          </reporter-output>
        </test-method> <!-- logTestStatusForReport -->
        <test-method is-config="true" signature="navigateToLoyaltyPrograms()[pri:0, instance:com.fawry.promoLoyalty.angularAutomation.tests.LoyaltyProgsTests@3bd323e9]" started-at="2020-12-06T11:36:15 AEDT" name="navigateToLoyaltyPrograms" finished-at="2020-12-06T11:36:16 AEDT" duration-ms="69" status="PASS">
          <reporter-output>
          </reporter-output>
        </test-method> <!-- navigateToLoyaltyPrograms -->
        <test-method signature="updateLoyaltyProgram(com.fawry.promoLoyalty.angularAutomation.dataModels.LoyaltyProgDM)[pri:1, instance:com.fawry.promoLoyalty.angularAutomation.tests.LoyaltyProgsTests@3bd323e9]" started-at="2020-12-06T11:36:16 AEDT" name="updateLoyaltyProgram" description="Validate Updating loyalty program Functionalities" data-provider="updateLoyaltyProgDP" finished-at="2020-12-06T11:36:22 AEDT" duration-ms="6859" status="FAIL">
          <params>
            <param index="0">
              <value>
                <![CDATA[com.fawry.promoLoyalty.angularAutomation.dataModels.LoyaltyProgDM@70b33256]]>
              </value>
            </param>
          </params>
          <exception class="java.lang.AssertionError">
            <message>
              <![CDATA[Update loyalty Amount program - earning points calculated external 222 Failed expected [true] but found [false]]]>
            </message>
            <full-stacktrace>
              <![CDATA[java.lang.AssertionError: Update loyalty Amount program - earning points calculated external 222 Failed expected [true] but found [false]
at org.testng.Assert.fail(Assert.java:99)
at org.testng.Assert.failNotEquals(Assert.java:1037)
at org.testng.Assert.assertTrue(Assert.java:45)
at com.fawry.promoLoyalty.angularAutomation.tests.LoyaltyProgsTests.assertAddUpdateLoyaltyProg(LoyaltyProgsTests.java:125)
at com.fawry.promoLoyalty.angularAutomation.tests.LoyaltyProgsTests.updateLoyaltyProgram(LoyaltyProgsTests.java:105)
at java.base/jdk.internal.reflect.NativeMethodAccessorImpl.invoke0(Native Method)
at java.base/jdk.internal.reflect.NativeMethodAccessorImpl.invoke(NativeMethodAccessorImpl.java:62)
at java.base/jdk.internal.reflect.DelegatingMethodAccessorImpl.invoke(DelegatingMethodAccessorImpl.java:43)
at java.base/java.lang.reflect.Method.invoke(Method.java:566)
at org.testng.internal.MethodInvocationHelper.invokeMethod(MethodInvocationHelper.java:132)
at org.testng.internal.TestInvoker.invokeMethod(TestInvoker.java:599)
at org.testng.internal.TestInvoker.invokeTestMethod(TestInvoker.java:174)
at org.testng.internal.MethodRunner.runInSequence(MethodRunner.java:46)
at org.testng.internal.TestInvoker$MethodInvocationAgent.invoke(TestInvoker.java:822)
at org.testng.internal.TestInvoker.invokeTestMethods(TestInvoker.java:147)
at org.testng.internal.TestMethodWorker.invokeTestMethods(TestMethodWorker.java:146)
at org.testng.internal.TestMethodWorker.run(TestMethodWorker.java:128)
at java.base/java.util.ArrayList.forEach(ArrayList.java:1541)
at org.testng.TestRunner.privateRun(TestRunner.java:764)
at org.testng.TestRunner.run(TestRunner.java:585)
at org.testng.SuiteRunner.runTest(SuiteRunner.java:384)
at org.testng.SuiteRunner.runSequentially(SuiteRunner.java:378)
at org.testng.SuiteRunner.privateRun(SuiteRunner.java:337)
at org.testng.SuiteRunner.run(SuiteRunner.java:286)
at org.testng.SuiteRunnerWorker.runSuite(SuiteRunnerWorker.java:53)
at org.testng.SuiteRunnerWorker.run(SuiteRunnerWorker.java:96)
at org.testng.TestNG.runSuitesSequentially(TestNG.java:1218)
at org.testng.TestNG.runSuitesLocally(TestNG.java:1140)
at org.testng.TestNG.runSuites(TestNG.java:1069)
at org.testng.TestNG.run(TestNG.java:1037)
at org.testng.remote.AbstractRemoteTestNG.run(AbstractRemoteTestNG.java:115)
at org.testng.remote.RemoteTestNG.initAndRun(RemoteTestNG.java:251)
at org.testng.remote.RemoteTestNG.main(RemoteTestNG.java:77)
]]>
            </full-stacktrace>
          </exception> <!-- java.lang.AssertionError -->
          <reporter-output>
          </reporter-output>
        </test-method> <!-- updateLoyaltyProgram -->
        <test-method is-config="true" signature="logTestStatusForReport(org.testng.ITestResult)[pri:0, instance:com.fawry.promoLoyalty.angularAutomation.tests.LoyaltyProgsTests@3bd323e9]" started-at="2020-12-06T11:36:22 AEDT" name="logTestStatusForReport" description="Logging test status to log file and extent report" finished-at="2020-12-06T11:36:29 AEDT" duration-ms="7021" status="PASS">
          <params>
            <param index="0">
              <value>
                <![CDATA[[TestResult name=updateLoyaltyProgram status=FAILURE method=LoyaltyProgsTests.updateLoyaltyProgram(com.fawry.promoLoyalty.angularAutomation.dataModels.LoyaltyProgDM)[pri:1, instance:com.fawry.promoLoyalty.angularAutomation.tests.LoyaltyProgsTests@3bd323e9] output={null}]]]>
              </value>
            </param>
          </params>
          <reporter-output>
          </reporter-output>
        </test-method> <!-- logTestStatusForReport -->
        <test-method is-config="true" signature="navigateToLoyaltyPrograms()[pri:0, instance:com.fawry.promoLoyalty.angularAutomation.tests.LoyaltyProgsTests@3bd323e9]" started-at="2020-12-06T11:36:29 AEDT" name="navigateToLoyaltyPrograms" finished-at="2020-12-06T11:36:29 AEDT" duration-ms="69" status="PASS">
          <reporter-output>
          </reporter-output>
        </test-method> <!-- navigateToLoyaltyPrograms -->
        <test-method signature="updateLoyaltyProgram(com.fawry.promoLoyalty.angularAutomation.dataModels.LoyaltyProgDM)[pri:1, instance:com.fawry.promoLoyalty.angularAutomation.tests.LoyaltyProgsTests@3bd323e9]" started-at="2020-12-06T11:36:29 AEDT" name="updateLoyaltyProgram" description="Validate Updating loyalty program Functionalities" data-provider="updateLoyaltyProgDP" finished-at="2020-12-06T11:36:35 AEDT" duration-ms="5139" status="FAIL">
          <params>
            <param index="0">
              <value>
                <![CDATA[com.fawry.promoLoyalty.angularAutomation.dataModels.LoyaltyProgDM@60c98f25]]>
              </value>
            </param>
          </params>
          <exception class="java.lang.AssertionError">
            <message>
              <![CDATA[Update loyalty Amount program - earning points calculated external 333 Failed expected [true] but found [false]]]>
            </message>
            <full-stacktrace>
              <![CDATA[java.lang.AssertionError: Update loyalty Amount program - earning points calculated external 333 Failed expected [true] but found [false]
at org.testng.Assert.fail(Assert.java:99)
at org.testng.Assert.failNotEquals(Assert.java:1037)
at org.testng.Assert.assertTrue(Assert.java:45)
at com.fawry.promoLoyalty.angularAutomation.tests.LoyaltyProgsTests.assertAddUpdateLoyaltyProg(LoyaltyProgsTests.java:125)
at com.fawry.promoLoyalty.angularAutomation.tests.LoyaltyProgsTests.updateLoyaltyProgram(LoyaltyProgsTests.java:105)
at java.base/jdk.internal.reflect.NativeMethodAccessorImpl.invoke0(Native Method)
at java.base/jdk.internal.reflect.NativeMethodAccessorImpl.invoke(NativeMethodAccessorImpl.java:62)
at java.base/jdk.internal.reflect.DelegatingMethodAccessorImpl.invoke(DelegatingMethodAccessorImpl.java:43)
at java.base/java.lang.reflect.Method.invoke(Method.java:566)
at org.testng.internal.MethodInvocationHelper.invokeMethod(MethodInvocationHelper.java:132)
at org.testng.internal.TestInvoker.invokeMethod(TestInvoker.java:599)
at org.testng.internal.TestInvoker.invokeTestMethod(TestInvoker.java:174)
at org.testng.internal.MethodRunner.runInSequence(MethodRunner.java:46)
at org.testng.internal.TestInvoker$MethodInvocationAgent.invoke(TestInvoker.java:822)
at org.testng.internal.TestInvoker.invokeTestMethods(TestInvoker.java:147)
at org.testng.internal.TestMethodWorker.invokeTestMethods(TestMethodWorker.java:146)
at org.testng.internal.TestMethodWorker.run(TestMethodWorker.java:128)
at java.base/java.util.ArrayList.forEach(ArrayList.java:1541)
at org.testng.TestRunner.privateRun(TestRunner.java:764)
at org.testng.TestRunner.run(TestRunner.java:585)
at org.testng.SuiteRunner.runTest(SuiteRunner.java:384)
at org.testng.SuiteRunner.runSequentially(SuiteRunner.java:378)
at org.testng.SuiteRunner.privateRun(SuiteRunner.java:337)
at org.testng.SuiteRunner.run(SuiteRunner.java:286)
at org.testng.SuiteRunnerWorker.runSuite(SuiteRunnerWorker.java:53)
at org.testng.SuiteRunnerWorker.run(SuiteRunnerWorker.java:96)
at org.testng.TestNG.runSuitesSequentially(TestNG.java:1218)
at org.testng.TestNG.runSuitesLocally(TestNG.java:1140)
at org.testng.TestNG.runSuites(TestNG.java:1069)
at org.testng.TestNG.run(TestNG.java:1037)
at org.testng.remote.AbstractRemoteTestNG.run(AbstractRemoteTestNG.java:115)
at org.testng.remote.RemoteTestNG.initAndRun(RemoteTestNG.java:251)
at org.testng.remote.RemoteTestNG.main(RemoteTestNG.java:77)
]]>
            </full-stacktrace>
          </exception> <!-- java.lang.AssertionError -->
          <reporter-output>
          </reporter-output>
        </test-method> <!-- updateLoyaltyProgram -->
        <test-method is-config="true" signature="logTestStatusForReport(org.testng.ITestResult)[pri:0, instance:com.fawry.promoLoyalty.angularAutomation.tests.LoyaltyProgsTests@3bd323e9]" started-at="2020-12-06T11:36:35 AEDT" name="logTestStatusForReport" description="Logging test status to log file and extent report" finished-at="2020-12-06T11:36:42 AEDT" duration-ms="7239" status="PASS">
          <params>
            <param index="0">
              <value>
                <![CDATA[[TestResult name=updateLoyaltyProgram status=FAILURE method=LoyaltyProgsTests.updateLoyaltyProgram(com.fawry.promoLoyalty.angularAutomation.dataModels.LoyaltyProgDM)[pri:1, instance:com.fawry.promoLoyalty.angularAutomation.tests.LoyaltyProgsTests@3bd323e9] output={null}]]]>
              </value>
            </param>
          </params>
          <reporter-output>
          </reporter-output>
        </test-method> <!-- logTestStatusForReport -->
        <test-method is-config="true" signature="closeDriver()[pri:0, instance:com.fawry.promoLoyalty.angularAutomation.tests.LoyaltyProgsTests@3bd323e9]" started-at="2020-12-06T11:36:42 AEDT" name="closeDriver" description="Quitting selenium driver after each class run" finished-at="2020-12-06T11:36:42 AEDT" duration-ms="106" status="PASS">
          <reporter-output>
          </reporter-output>
        </test-method> <!-- closeDriver -->
        <test-method is-config="true" signature="endReport()[pri:0, instance:com.fawry.promoLoyalty.angularAutomation.tests.LoyaltyProgsTests@3bd323e9]" started-at="2020-12-06T11:36:42 AEDT" name="endReport" description="Closing extent report after running Test" finished-at="2020-12-06T11:36:42 AEDT" duration-ms="243" status="PASS">
          <reporter-output>
          </reporter-output>
        </test-method> <!-- endReport -->
      </class> <!-- com.fawry.promoLoyalty.angularAutomation.tests.LoyaltyProgsTests -->
    </test> <!-- Chrome test -->
  </suite> <!-- Suite -->
</testng-results>
